<?xml version="1.0" encoding="UTF-8"?>
<!-- Generated by org.testng.reporters.JUnitReportReporter -->
<testsuite hostname="LAPTOP-19F3N5SE" failures="0" tests="3" name="com.ds.qa.testcases.HomePageTest" time="10.929" errors="0" timestamp="2023-01-06T23:34:46 EST" skipped="0">
  <testcase classname="com.ds.qa.testcases.HomePageTest" name="verfiyclickDs" time="4.400"/>
  <system-out/>
  <testcase classname="com.ds.qa.testcases.HomePageTest" name="verifyRegTest" time="3.173"/>
  <system-out/>
  <testcase classname="com.ds.qa.testcases.HomePageTest" name="verifySigninTest" time="3.356"/>
  <system-out/>
</testsuite> <!-- com.ds.qa.testcases.HomePageTest -->
