<?xml version="1.0" encoding="UTF-8"?>
<!-- Generated by org.testng.reporters.JUnitReportReporter -->
<testsuite hostname="LAPTOP-19F3N5SE" failures="0" tests="2" name="com.ds.qa.testcases.GetStartPageTest" time="9.303" errors="0" timestamp="2023-01-06T23:34:46 EST" skipped="0">
  <testcase classname="com.ds.qa.testcases.GetStartPageTest" name="landHomePageTest" time="6.575"/>
  <system-out/>
  <testcase classname="com.ds.qa.testcases.GetStartPageTest" name="pageTitle" time="2.728"/>
  <system-out/>
</testsuite> <!-- com.ds.qa.testcases.GetStartPageTest -->
