<?xml version="1.0" encoding="UTF-8"?>
<!-- Generated by org.testng.reporters.JUnitReportReporter -->
<testsuite hostname="LAPTOP-19F3N5SE" failures="0" tests="8" name="com.ds.qa.testcases.SignInPageTest" time="32.200" errors="0" timestamp="2023-01-06T23:34:46 EST" skipped="0">
  <testcase classname="com.ds.qa.testcases.SignInPageTest" name="validateSignCredential" time="3.485"/>
  <system-out/>
  <testcase classname="com.ds.qa.testcases.SignInPageTest" name="validateSignCredential" time="4.557"/>
  <system-out/>
  <testcase classname="com.ds.qa.testcases.SignInPageTest" name="validateSignCredential" time="4.645"/>
  <system-out/>
  <testcase classname="com.ds.qa.testcases.SignInPageTest" name="validateSignCredential" time="3.056"/>
  <system-out/>
  <testcase classname="com.ds.qa.testcases.SignInPageTest" name="validateSignCredential" time="4.137"/>
  <system-out/>
  <testcase classname="com.ds.qa.testcases.SignInPageTest" name="validateSignCredential" time="3.852"/>
  <system-out/>
  <testcase classname="com.ds.qa.testcases.SignInPageTest" name="validateSignCredential" time="3.724"/>
  <system-out/>
  <testcase classname="com.ds.qa.testcases.SignInPageTest" name="validateSignCredential" time="4.744"/>
  <system-out/>
</testsuite> <!-- com.ds.qa.testcases.SignInPageTest -->
