<?xml version="1.0" encoding="UTF-8"?>
<!-- Generated by org.testng.reporters.JUnitReportReporter -->
<testsuite hostname="LAPTOP-19F3N5SE" failures="0" tests="1" name="com.ds.qa.testcases.SignOutPageTest" time="4.058" errors="0" timestamp="2023-01-06T23:34:46 EST" skipped="0">
  <testcase classname="com.ds.qa.testcases.SignOutPageTest" name="signoutTest" time="4.058"/>
  <system-out/>
</testsuite> <!-- com.ds.qa.testcases.SignOutPageTest -->
