<?xml version="1.0" encoding="UTF-8"?>
<!-- Generated by org.testng.reporters.JUnitReportReporter -->
<testsuite hostname="LAPTOP-19F3N5SE" failures="0" tests="14" name="com.ds.qa.testcases.RegistrationPageTest" time="74.192" errors="0" timestamp="2023-01-06T23:34:46 EST" skipped="0">
  <testcase classname="com.ds.qa.testcases.RegistrationPageTest" name="validateRegCredential" time="4.996"/>
  <system-out/>
  <testcase classname="com.ds.qa.testcases.RegistrationPageTest" name="verfiySinginClick" time="4.324"/>
  <system-out/>
  <testcase classname="com.ds.qa.testcases.RegistrationPageTest" name="validateRegCredential" time="4.992"/>
  <system-out/>
  <testcase classname="com.ds.qa.testcases.RegistrationPageTest" name="validateRegCredential" time="6.506"/>
  <system-out/>
  <testcase classname="com.ds.qa.testcases.RegistrationPageTest" name="validateRegCredential" time="3.948"/>
  <system-out/>
  <testcase classname="com.ds.qa.testcases.RegistrationPageTest" name="validateRegCredential" time="6.426"/>
  <system-out/>
  <testcase classname="com.ds.qa.testcases.RegistrationPageTest" name="validateRegCredential" time="5.436"/>
  <system-out/>
  <testcase classname="com.ds.qa.testcases.RegistrationPageTest" name="validateRegCredential" time="7.188"/>
  <system-out/>
  <testcase classname="com.ds.qa.testcases.RegistrationPageTest" name="validateRegCredential" time="4.693"/>
  <system-out/>
  <testcase classname="com.ds.qa.testcases.RegistrationPageTest" name="validateRegCredential" time="6.779"/>
  <system-out/>
  <testcase classname="com.ds.qa.testcases.RegistrationPageTest" name="validateRegCredential" time="5.174"/>
  <system-out/>
  <testcase classname="com.ds.qa.testcases.RegistrationPageTest" name="validateRegCredential" time="3.934"/>
  <system-out/>
  <testcase classname="com.ds.qa.testcases.RegistrationPageTest" name="validateRegCredential" time="5.300"/>
  <system-out/>
  <testcase classname="com.ds.qa.testcases.RegistrationPageTest" name="validateRegCredential" time="4.496"/>
  <system-out/>
</testsuite> <!-- com.ds.qa.testcases.RegistrationPageTest -->
